<?xml version="1.0" encoding="UTF-8"?>
<!-- Generated by org.testng.reporters.JUnitReportReporter -->
<testsuite skipped="0" hostname="DESKTOP-6K8Q28J" name="RegistrationForm.RegistrationFormTestCases" tests="1" failures="0" timestamp="2022-10-05T15:58:51 IST" time="135.758" errors="0">
  <testcase name="registrationForm" time="135.758" classname="RegistrationForm.RegistrationFormTestCases"/>
  <system-out/>
</testsuite> <!-- RegistrationForm.RegistrationFormTestCases -->
