<?xml version="1.0" encoding="UTF-8"?>
<!-- Generated by org.testng.reporters.JUnitReportReporter -->
<testsuite skipped="0" hostname="DESKTOP-6K8Q28J" name="AllTestCases.RegistrationFormTestCases" tests="1" failures="0" timestamp="2022-10-05T12:24:58 IST" time="106.133" errors="0">
  <testcase name="registrationForm" time="106.133" classname="AllTestCases.RegistrationFormTestCases"/>
  <system-out/>
</testsuite> <!-- AllTestCases.RegistrationFormTestCases -->
