<?xml version="1.0" encoding="UTF-8"?>
<!-- Generated by org.testng.reporters.JUnitReportReporter -->
<testsuite skipped="0" hostname="DESKTOP-6K8Q28J" name="HomePageTestCases.HomePageTests" tests="1" failures="0" timestamp="2022-10-07T18:48:26 IST" time="86.704" errors="0">
  <testcase name="login" time="86.704" classname="HomePageTestCases.HomePageTests"/>
  <system-out/>
</testsuite> <!-- HomePageTestCases.HomePageTests -->
