<?xml version="1.0" encoding="UTF-8"?>
<!-- Generated by org.testng.reporters.JUnitReportReporter -->
<testsuite skipped="0" hostname="DESKTOP-6K8Q28J" name="RegistrationForm.SignWithGoogle" tests="1" failures="0" timestamp="2022-10-07T10:28:02 IST" time="161.925" errors="0">
  <testcase name="signGoogle" time="161.925" classname="RegistrationForm.SignWithGoogle"/>
  <system-out/>
</testsuite> <!-- RegistrationForm.SignWithGoogle -->
